<?xml version="1.0" encoding="UTF-8"?>
<!-- Generated by org.testng.reporters.JUnitReportReporter -->
<testsuite hostname="Fatemas-MBP.home" failures="0" tests="2" name="com.herokuapp.theinternet.loginpagetests.PositiveLogInTests" time="13.917" errors="0" timestamp="15 Dec 2022 01:02:24 GMT" skipped="0">
  <testcase classname="com.herokuapp.theinternet.loginpagetests.PositiveLogInTests" name="checkBoxTest" time="11.434"/>
  <testcase classname="com.herokuapp.theinternet.loginpagetests.PositiveLogInTests" name="logInTest" time="2.483"/>
</testsuite> <!-- com.herokuapp.theinternet.loginpagetests.PositiveLogInTests -->
